<?xml version="1.0" encoding="UTF-8"?>
<!-- Generated by org.testng.reporters.JUnitReportReporter -->
<testsuite hostname="LAPTOP-TFVQBT0P" failures="0" tests="6" name="TestLayer.HomePageTest" time="0.000" errors="0" timestamp="2022-08-18T21:20:58 IST" skipped="6">
  <testcase classname="TestLayer.HomePageTest" name="validateHomePageTitle" time="0.000">
    <skipped/>
  </testcase> <!-- validateHomePageTitle -->
  <system-out/>
  <testcase classname="TestLayer.HomePageTest" name="validateHomePageUrl" time="0.000">
    <skipped/>
  </testcase> <!-- validateHomePageUrl -->
  <system-out/>
  <testcase classname="TestLayer.HomePageTest" name="validateHomePageLogo" time="0.000">
    <skipped/>
  </testcase> <!-- validateHomePageLogo -->
  <system-out/>
  <testcase classname="TestLayer.HomePageTest" name="validateHomePagePIMLink" time="0.000">
    <skipped/>
  </testcase> <!-- validateHomePagePIMLink -->
  <system-out/>
  <testcase classname="TestLayer.HomePageTest" name="validateHomePageAdminLink" time="0.000">
    <skipped/>
  </testcase> <!-- validateHomePageAdminLink -->
  <system-out/>
  <testcase classname="TestLayer.HomePageTest" name="validateHomePageLeaveLink" time="0.000">
    <skipped/>
  </testcase> <!-- validateHomePageLeaveLink -->
  <system-out/>
</testsuite> <!-- TestLayer.HomePageTest -->
