<?xml version="1.0" encoding="UTF-8"?>
<!-- Generated by org.testng.reporters.JUnitReportReporter -->
<testsuite hostname="LAPTOP-TFVQBT0P" failures="0" tests="6" name="TestLayer.PIMPageTest" time="0.000" errors="0" timestamp="2022-08-18T21:20:58 IST" skipped="6">
  <testcase classname="TestLayer.PIMPageTest" name="validatePIMNewEmployee" time="0.000">
    <skipped/>
  </testcase> <!-- validatePIMNewEmployee -->
  <system-out/>
  <testcase classname="TestLayer.PIMPageTest" name="validatePersonalDetailsInPIMPage" time="0.000">
    <skipped/>
  </testcase> <!-- validatePersonalDetailsInPIMPage -->
  <system-out/>
  <testcase classname="TestLayer.PIMPageTest" name="validateDrivingLicenseDate" time="0.000">
    <skipped/>
  </testcase> <!-- validateDrivingLicenseDate -->
  <system-out/>
  <testcase classname="TestLayer.PIMPageTest" name="validateCountryDropDown" time="0.000">
    <skipped/>
  </testcase> <!-- validateCountryDropDown -->
  <system-out/>
  <testcase classname="TestLayer.PIMPageTest" name="validateMaritalStatusDropDown" time="0.000">
    <skipped/>
  </testcase> <!-- validateMaritalStatusDropDown -->
  <system-out/>
  <testcase classname="TestLayer.PIMPageTest" name="validateDobDates" time="0.000">
    <skipped/>
  </testcase> <!-- validateDobDates -->
  <system-out/>
</testsuite> <!-- TestLayer.PIMPageTest -->
